<?xml version="1.0" encoding="UTF-8"?>
<testsuite xmlns:xsi="http://www.w3.org/2001/XMLSchema-instance" xsi:noNamespaceSchemaLocation="https://maven.apache.org/surefire/maven-surefire-plugin/xsd/surefire-test-report.xsd" version="3.0.2" name="com.workshop.lab4.FileSystemToolsIntegrationTest" time="0.79" tests="3" errors="0" skipped="0" failures="0" flakes="0">
  <properties>
[...]
</properties>
  <testcase name="listProjectFiles_returnsSampleProjectFiles" classname="com.workshop.lab4.FileSystemToolsIntegrationTest" time="0.037">
    <system-out><![CDATA[11:15:11.182 [main] INFO org.springframework.boot.devtools.restart.RestartApplicationListener -- Restart disabled due to context in which it is running
   ___  ___    _______ .___  ___. .______        ___      .______    _______  __         ___  ___
  /  / /  /   |   ____||   \/   | |   _  \      /   \     |   _  \  |   ____||  |        \  \ \  \
 /  / /  /    |  |__   |  \  /  | |  |_)  |    /  ^  \    |  |_)  | |  |__   |  |         \  \ \  \
<  < <  <     |   __|  |  |\/|  | |   _  <    /  /_\  \   |   _  <  |   __|  |  |          >  > >  >
 \  \ \  \    |  |____ |  |  |  | |  |_)  |  /  _____  \  |  |_)  | |  |____ |  `----.    /  / /  /
  \__\ \__\   |_______||__|  |__| |______/  /__/     \__\ |______/  |_______||_______|   /__/ /__/

Powered by Spring Boot 4.0.5
11:15:11.321 [main] WARN  DuplicateJsonObjectContextCustomizerFactory$DuplicateJsonObjectContextCustomizer - 

Found multiple occurrences of org.json.JSONObject on the class path:

	jar:file:/Users/dashaun/.m2/repository/org/json/json/20250517/json-20250517.jar!/org/json/JSONObject.class
	jar:file:/Users/dashaun/.m2/repository/com/vaadin/external/google/android-json/0.0.20131108.vaadin1/android-json-0.0.20131108.vaadin1.jar!/org/json/JSONObject.class

You may wish to exclude one of them to ensure predictable runtime behavior

11:15:11.325 [main] INFO  FileSystemToolsIntegrationTest - Starting FileSystemToolsIntegrationTest using Java 25.0.2 with PID 62764 (started by dashaun in /Users/dashaun/fun/dashaun/spring-ai-2.0.0-M4-Embabel-0.3.4-workshop/labs/lab-5-developer-sidekick)
11:15:11.325 [main] INFO  FileSystemToolsIntegrationTest - No active profile set, falling back to 1 default profile: "default"
11:15:11.802 [main] INFO  FileSystemToolsIntegrationTest - Started FileSystemToolsIntegrationTest in 0.623 seconds (process running for 0.987)

=== Lab 5 Project Files (via MCP mock) ===
pom.xml
src/main/java/com/example/GreetingController.java
]]></system-out>
    <system-err><![CDATA[Mockito is currently self-attaching to enable the inline-mock-maker. This will no longer work in future releases of the JDK. Please add Mockito as an agent to your build as described in Mockito's documentation: https://javadoc.io/doc/org.mockito/mockito-core/latest/org.mockito/org/mockito/Mockito.html#0.3
WARNING: A Java agent has been loaded dynamically (/Users/dashaun/.m2/repository/net/bytebuddy/byte-buddy-agent/1.17.8/byte-buddy-agent-1.17.8.jar)
WARNING: If a serviceability tool is in use, please run with -XX:+EnableDynamicAgentLoading to hide this warning
WARNING: If a serviceability tool is not in use, please run with -Djdk.instrument.traceUsage for more information
WARNING: Dynamic loading of agents will be disallowed by default in a future release
]]></system-err>
  </testcase>
  <testcase name="readFile_returnsPomContent" classname="com.workshop.lab4.FileSystemToolsIntegrationTest" time="0.002">
    <system-out><![CDATA[
=== Lab 5 pom.xml (via MCP mock) ===
<groupId>com.example</groupId>
<artifactId>spring-boot-starter-web</artifactId>
]]></system-out>
  </testcase>
  <testcase name="writeFile_returnsConfirmation" classname="com.workshop.lab4.FileSystemToolsIntegrationTest" time="0.002">
    <system-out><![CDATA[
=== Lab 5 Write Verified (via MCP mock) ===
]]></system-out>
  </testcase>
</testsuite>