<?xml version="1.0" encoding="UTF-8"?>
<testsuite xmlns:xsi="http://www.w3.org/2001/XMLSchema-instance" xsi:noNamespaceSchemaLocation="https://maven.apache.org/surefire/maven-surefire-plugin/xsd/surefire-test-report.xsd" version="3.0.2" name="com.workshop.lab3.FilesystemToolsTest" time="0.093" tests="4" errors="0" skipped="0" failures="0" flakes="0">
  <properties>
[...]
</properties>
  <testcase name="writeFile_createsFile" classname="com.workshop.lab3.FilesystemToolsTest" time="0.078"/>
  <testcase name="readFile_returnsContents" classname="com.workshop.lab3.FilesystemToolsTest" time="0.002"/>
  <testcase name="pathTraversal_isBlocked" classname="com.workshop.lab3.FilesystemToolsTest" time="0.002"/>
  <testcase name="listFiles_returnsFileNames" classname="com.workshop.lab3.FilesystemToolsTest" time="0.002"/>
</testsuite>